  main.cpp
D:\U of U\senior\fall 2021\computer graphics\5610\interactive_computer_graphics\InteractiveComputerGraphics\Project5\main.cpp(21,24): warning C4305: 'initializing': truncation from 'double' to 'float'
D:\U of U\senior\fall 2021\computer graphics\5610\interactive_computer_graphics\InteractiveComputerGraphics\Project5\main.cpp(77,18): warning C4244: '=': conversion from 'int' to 'GLfloat', possible loss of data
D:\U of U\senior\fall 2021\computer graphics\5610\interactive_computer_graphics\InteractiveComputerGraphics\Project5\main.cpp(78,19): warning C4244: '=': conversion from 'int' to 'GLfloat', possible loss of data
D:\U of U\senior\fall 2021\computer graphics\5610\interactive_computer_graphics\InteractiveComputerGraphics\Project5\main.cpp(90,39): warning C4305: '+=': truncation from 'double' to 'float'
D:\U of U\senior\fall 2021\computer graphics\5610\interactive_computer_graphics\InteractiveComputerGraphics\Project5\main.cpp(159,34): warning C4305: '+=': truncation from 'double' to 'float'
D:\U of U\senior\fall 2021\computer graphics\5610\interactive_computer_graphics\InteractiveComputerGraphics\Project5\main.cpp(160,39): warning C4305: '-=': truncation from 'double' to 'float'
D:\U of U\senior\fall 2021\computer graphics\5610\interactive_computer_graphics\InteractiveComputerGraphics\Project5\main.cpp(163,34): warning C4305: '+=': truncation from 'double' to 'float'
D:\U of U\senior\fall 2021\computer graphics\5610\interactive_computer_graphics\InteractiveComputerGraphics\Project5\main.cpp(164,39): warning C4305: '-=': truncation from 'double' to 'float'
D:\U of U\senior\fall 2021\computer graphics\5610\interactive_computer_graphics\InteractiveComputerGraphics\Project5\main.cpp(168,34): warning C4305: '+=': truncation from 'double' to 'float'
D:\U of U\senior\fall 2021\computer graphics\5610\interactive_computer_graphics\InteractiveComputerGraphics\Project5\main.cpp(169,26): warning C4305: '-=': truncation from 'double' to 'float'
D:\U of U\senior\fall 2021\computer graphics\5610\interactive_computer_graphics\InteractiveComputerGraphics\Project5\main.cpp(175,32): warning C4305: '+=': truncation from 'double' to 'float'
D:\U of U\senior\fall 2021\computer graphics\5610\interactive_computer_graphics\InteractiveComputerGraphics\Project5\main.cpp(176,37): warning C4305: '-=': truncation from 'double' to 'float'
D:\U of U\senior\fall 2021\computer graphics\5610\interactive_computer_graphics\InteractiveComputerGraphics\Project5\main.cpp(179,32): warning C4305: '+=': truncation from 'double' to 'float'
D:\U of U\senior\fall 2021\computer graphics\5610\interactive_computer_graphics\InteractiveComputerGraphics\Project5\main.cpp(180,37): warning C4305: '-=': truncation from 'double' to 'float'
D:\U of U\senior\fall 2021\computer graphics\5610\interactive_computer_graphics\InteractiveComputerGraphics\Project5\main.cpp(184,32): warning C4305: '+=': truncation from 'double' to 'float'
D:\U of U\senior\fall 2021\computer graphics\5610\interactive_computer_graphics\InteractiveComputerGraphics\Project5\main.cpp(185,24): warning C4305: '-=': truncation from 'double' to 'float'
D:\U of U\senior\fall 2021\computer graphics\5610\interactive_computer_graphics\InteractiveComputerGraphics\Project5\main.cpp(226,36): warning C4244: 'argument': conversion from 'GLfloat' to 'int', possible loss of data
D:\U of U\senior\fall 2021\computer graphics\5610\interactive_computer_graphics\InteractiveComputerGraphics\Project5\main.cpp(226,21): warning C4244: 'argument': conversion from 'GLfloat' to 'int', possible loss of data
D:\U of U\senior\fall 2021\computer graphics\5610\interactive_computer_graphics\InteractiveComputerGraphics\Project5\main.cpp(393,34): warning C4305: 'initializing': truncation from 'double' to 'float'
D:\U of U\senior\fall 2021\computer graphics\5610\interactive_computer_graphics\InteractiveComputerGraphics\Project5\main.cpp(394,15): warning C4244: 'initializing': conversion from 'int' to 'float', possible loss of data
D:\U of U\senior\fall 2021\computer graphics\5610\interactive_computer_graphics\InteractiveComputerGraphics\Project5\main.cpp(409,17): warning C4305: 'initializing': truncation from 'double' to 'float'
D:\U of U\senior\fall 2021\computer graphics\5610\interactive_computer_graphics\InteractiveComputerGraphics\Project5\main.cpp(335): warning C4172: returning address of local variable or temporary: vbo
  Project5.vcxproj -> D:\U of U\senior\fall 2021\computer graphics\5610\interactive_computer_graphics\InteractiveComputerGraphics\Debug\Project5.exe
