  main.cpp
D:\U of U\senior\fall 2021\computer graphics\5610\interactive_computer_graphics\InteractiveComputerGraphics\Project7\main.cpp(20,24): warning C4305: 'initializing': truncation from 'double' to 'float'
D:\U of U\senior\fall 2021\computer graphics\5610\interactive_computer_graphics\InteractiveComputerGraphics\Project7\main.cpp(91,18): warning C4244: '=': conversion from 'int' to 'GLfloat', possible loss of data
D:\U of U\senior\fall 2021\computer graphics\5610\interactive_computer_graphics\InteractiveComputerGraphics\Project7\main.cpp(92,19): warning C4244: '=': conversion from 'int' to 'GLfloat', possible loss of data
D:\U of U\senior\fall 2021\computer graphics\5610\interactive_computer_graphics\InteractiveComputerGraphics\Project7\main.cpp(104,39): warning C4305: '+=': truncation from 'double' to 'float'
D:\U of U\senior\fall 2021\computer graphics\5610\interactive_computer_graphics\InteractiveComputerGraphics\Project7\main.cpp(168,34): warning C4305: '+=': truncation from 'double' to 'float'
D:\U of U\senior\fall 2021\computer graphics\5610\interactive_computer_graphics\InteractiveComputerGraphics\Project7\main.cpp(169,39): warning C4305: '-=': truncation from 'double' to 'float'
D:\U of U\senior\fall 2021\computer graphics\5610\interactive_computer_graphics\InteractiveComputerGraphics\Project7\main.cpp(172,34): warning C4305: '+=': truncation from 'double' to 'float'
D:\U of U\senior\fall 2021\computer graphics\5610\interactive_computer_graphics\InteractiveComputerGraphics\Project7\main.cpp(173,39): warning C4305: '-=': truncation from 'double' to 'float'
D:\U of U\senior\fall 2021\computer graphics\5610\interactive_computer_graphics\InteractiveComputerGraphics\Project7\main.cpp(177,34): warning C4305: '+=': truncation from 'double' to 'float'
D:\U of U\senior\fall 2021\computer graphics\5610\interactive_computer_graphics\InteractiveComputerGraphics\Project7\main.cpp(178,26): warning C4305: '-=': truncation from 'double' to 'float'
D:\U of U\senior\fall 2021\computer graphics\5610\interactive_computer_graphics\InteractiveComputerGraphics\Project7\main.cpp(184,32): warning C4305: '+=': truncation from 'double' to 'float'
D:\U of U\senior\fall 2021\computer graphics\5610\interactive_computer_graphics\InteractiveComputerGraphics\Project7\main.cpp(185,37): warning C4305: '-=': truncation from 'double' to 'float'
D:\U of U\senior\fall 2021\computer graphics\5610\interactive_computer_graphics\InteractiveComputerGraphics\Project7\main.cpp(188,32): warning C4305: '+=': truncation from 'double' to 'float'
D:\U of U\senior\fall 2021\computer graphics\5610\interactive_computer_graphics\InteractiveComputerGraphics\Project7\main.cpp(189,37): warning C4305: '-=': truncation from 'double' to 'float'
D:\U of U\senior\fall 2021\computer graphics\5610\interactive_computer_graphics\InteractiveComputerGraphics\Project7\main.cpp(193,32): warning C4305: '+=': truncation from 'double' to 'float'
D:\U of U\senior\fall 2021\computer graphics\5610\interactive_computer_graphics\InteractiveComputerGraphics\Project7\main.cpp(194,24): warning C4305: '-=': truncation from 'double' to 'float'
D:\U of U\senior\fall 2021\computer graphics\5610\interactive_computer_graphics\InteractiveComputerGraphics\Project7\main.cpp(235,36): warning C4244: 'argument': conversion from 'GLfloat' to 'int', possible loss of data
D:\U of U\senior\fall 2021\computer graphics\5610\interactive_computer_graphics\InteractiveComputerGraphics\Project7\main.cpp(235,21): warning C4244: 'argument': conversion from 'GLfloat' to 'int', possible loss of data
D:\U of U\senior\fall 2021\computer graphics\5610\interactive_computer_graphics\InteractiveComputerGraphics\Project7\main.cpp(401,34): warning C4305: 'initializing': truncation from 'double' to 'float'
D:\U of U\senior\fall 2021\computer graphics\5610\interactive_computer_graphics\InteractiveComputerGraphics\Project7\main.cpp(402,15): warning C4244: 'initializing': conversion from 'int' to 'float', possible loss of data
D:\U of U\senior\fall 2021\computer graphics\5610\interactive_computer_graphics\InteractiveComputerGraphics\Project7\main.cpp(423,17): warning C4305: 'initializing': truncation from 'double' to 'float'
D:\U of U\senior\fall 2021\computer graphics\5610\interactive_computer_graphics\InteractiveComputerGraphics\Project7\main.cpp(335): warning C4172: returning address of local variable or temporary: vbo
  Project7.vcxproj -> D:\U of U\senior\fall 2021\computer graphics\5610\interactive_computer_graphics\InteractiveComputerGraphics\Debug\Project7.exe
