  main.cpp
D:\U of U\senior\fall 2021\computer graphics\5610\interactive_computer_graphics\InteractiveComputerGraphics\DeferredShading\main.cpp(86,93): warning C4305: 'argument': truncation from 'double' to 'T'
          with
          [
              T=float
          ]
D:\U of U\senior\fall 2021\computer graphics\5610\interactive_computer_graphics\InteractiveComputerGraphics\DeferredShading\main.cpp(134,78): warning C4244: 'argument': conversion from 'float' to 'GLint', possible loss of data
D:\U of U\senior\fall 2021\computer graphics\5610\interactive_computer_graphics\InteractiveComputerGraphics\DeferredShading\main.cpp(134,63): warning C4244: 'argument': conversion from 'float' to 'GLint', possible loss of data
D:\U of U\senior\fall 2021\computer graphics\5610\interactive_computer_graphics\InteractiveComputerGraphics\DeferredShading\main.cpp(134,41): warning C4244: 'argument': conversion from 'float' to 'GLint', possible loss of data
D:\U of U\senior\fall 2021\computer graphics\5610\interactive_computer_graphics\InteractiveComputerGraphics\DeferredShading\main.cpp(134,26): warning C4244: 'argument': conversion from 'float' to 'GLint', possible loss of data
D:\U of U\senior\fall 2021\computer graphics\5610\interactive_computer_graphics\InteractiveComputerGraphics\DeferredShading\main.cpp(139,95): warning C4305: 'argument': truncation from 'double' to 'T'
          with
          [
              T=float
          ]
D:\U of U\senior\fall 2021\computer graphics\5610\interactive_computer_graphics\InteractiveComputerGraphics\DeferredShading\main.cpp(157,27): warning C4305: 'argument': truncation from 'double' to 'GLfloat'
D:\U of U\senior\fall 2021\computer graphics\5610\interactive_computer_graphics\InteractiveComputerGraphics\DeferredShading\main.cpp(159,27): warning C4305: 'argument': truncation from 'double' to 'GLfloat'
D:\U of U\senior\fall 2021\computer graphics\5610\interactive_computer_graphics\InteractiveComputerGraphics\DeferredShading\main.cpp(161,27): warning C4305: 'argument': truncation from 'double' to 'GLfloat'
D:\U of U\senior\fall 2021\computer graphics\5610\interactive_computer_graphics\InteractiveComputerGraphics\DeferredShading\main.cpp(163,27): warning C4305: 'argument': truncation from 'double' to 'GLfloat'
D:\U of U\senior\fall 2021\computer graphics\5610\interactive_computer_graphics\InteractiveComputerGraphics\DeferredShading\main.cpp(181,29): warning C4018: '<': signed/unsigned mismatch
D:\U of U\senior\fall 2021\computer graphics\5610\interactive_computer_graphics\InteractiveComputerGraphics\DeferredShading\main.cpp(238,37): warning C4244: '+=': conversion from 'double' to 'float', possible loss of data
D:\U of U\senior\fall 2021\computer graphics\5610\interactive_computer_graphics\InteractiveComputerGraphics\DeferredShading\main.cpp(244,18): warning C4244: '=': conversion from 'int' to 'float', possible loss of data
D:\U of U\senior\fall 2021\computer graphics\5610\interactive_computer_graphics\InteractiveComputerGraphics\DeferredShading\main.cpp(245,19): warning C4244: '=': conversion from 'int' to 'float', possible loss of data
D:\U of U\senior\fall 2021\computer graphics\5610\interactive_computer_graphics\InteractiveComputerGraphics\DeferredShading\main.cpp(253,36): warning C4244: 'argument': conversion from 'float' to 'int', possible loss of data
D:\U of U\senior\fall 2021\computer graphics\5610\interactive_computer_graphics\InteractiveComputerGraphics\DeferredShading\main.cpp(253,21): warning C4244: 'argument': conversion from 'float' to 'int', possible loss of data
D:\U of U\senior\fall 2021\computer graphics\5610\interactive_computer_graphics\InteractiveComputerGraphics\DeferredShading\main.cpp(313,20): warning C4018: '<': signed/unsigned mismatch
D:\U of U\senior\fall 2021\computer graphics\5610\interactive_computer_graphics\InteractiveComputerGraphics\DeferredShading\main.cpp(424,60): warning C4244: 'argument': conversion from 'float' to 'GLsizei', possible loss of data
D:\U of U\senior\fall 2021\computer graphics\5610\interactive_computer_graphics\InteractiveComputerGraphics\DeferredShading\main.cpp(424,45): warning C4244: 'argument': conversion from 'float' to 'GLsizei', possible loss of data
D:\U of U\senior\fall 2021\computer graphics\5610\interactive_computer_graphics\InteractiveComputerGraphics\DeferredShading\main.cpp(432,60): warning C4244: 'argument': conversion from 'float' to 'GLsizei', possible loss of data
D:\U of U\senior\fall 2021\computer graphics\5610\interactive_computer_graphics\InteractiveComputerGraphics\DeferredShading\main.cpp(432,45): warning C4244: 'argument': conversion from 'float' to 'GLsizei', possible loss of data
D:\U of U\senior\fall 2021\computer graphics\5610\interactive_computer_graphics\InteractiveComputerGraphics\DeferredShading\main.cpp(440,57): warning C4244: 'argument': conversion from 'float' to 'GLsizei', possible loss of data
D:\U of U\senior\fall 2021\computer graphics\5610\interactive_computer_graphics\InteractiveComputerGraphics\DeferredShading\main.cpp(440,42): warning C4244: 'argument': conversion from 'float' to 'GLsizei', possible loss of data
D:\U of U\senior\fall 2021\computer graphics\5610\interactive_computer_graphics\InteractiveComputerGraphics\DeferredShading\main.cpp(451,76): warning C4244: 'argument': conversion from 'float' to 'GLsizei', possible loss of data
D:\U of U\senior\fall 2021\computer graphics\5610\interactive_computer_graphics\InteractiveComputerGraphics\DeferredShading\main.cpp(451,61): warning C4244: 'argument': conversion from 'float' to 'GLsizei', possible loss of data
  DeferredShading.vcxproj -> D:\U of U\senior\fall 2021\computer graphics\5610\interactive_computer_graphics\InteractiveComputerGraphics\Debug\DeferredShading.exe
