  main.cpp
D:\U of U\senior\fall 2021\computer graphics\5610\interactive_computer_graphics\InteractiveComputerGraphics\Project8\main.cpp(70,18): warning C4244: '=': conversion from 'int' to 'GLfloat', possible loss of data
D:\U of U\senior\fall 2021\computer graphics\5610\interactive_computer_graphics\InteractiveComputerGraphics\Project8\main.cpp(71,19): warning C4244: '=': conversion from 'int' to 'GLfloat', possible loss of data
D:\U of U\senior\fall 2021\computer graphics\5610\interactive_computer_graphics\InteractiveComputerGraphics\Project8\main.cpp(168,27): warning C4305: '+=': truncation from 'double' to 'float'
D:\U of U\senior\fall 2021\computer graphics\5610\interactive_computer_graphics\InteractiveComputerGraphics\Project8\main.cpp(169,32): warning C4305: '-=': truncation from 'double' to 'float'
D:\U of U\senior\fall 2021\computer graphics\5610\interactive_computer_graphics\InteractiveComputerGraphics\Project8\main.cpp(172,27): warning C4305: '+=': truncation from 'double' to 'float'
D:\U of U\senior\fall 2021\computer graphics\5610\interactive_computer_graphics\InteractiveComputerGraphics\Project8\main.cpp(173,32): warning C4305: '-=': truncation from 'double' to 'float'
D:\U of U\senior\fall 2021\computer graphics\5610\interactive_computer_graphics\InteractiveComputerGraphics\Project8\main.cpp(177,27): warning C4305: '+=': truncation from 'double' to 'float'
D:\U of U\senior\fall 2021\computer graphics\5610\interactive_computer_graphics\InteractiveComputerGraphics\Project8\main.cpp(178,19): warning C4305: '-=': truncation from 'double' to 'float'
D:\U of U\senior\fall 2021\computer graphics\5610\interactive_computer_graphics\InteractiveComputerGraphics\Project8\main.cpp(217,36): warning C4244: 'argument': conversion from 'GLfloat' to 'int', possible loss of data
D:\U of U\senior\fall 2021\computer graphics\5610\interactive_computer_graphics\InteractiveComputerGraphics\Project8\main.cpp(217,21): warning C4244: 'argument': conversion from 'GLfloat' to 'int', possible loss of data
D:\U of U\senior\fall 2021\computer graphics\5610\interactive_computer_graphics\InteractiveComputerGraphics\Project8\main.cpp(431,34): warning C4305: 'initializing': truncation from 'double' to 'float'
D:\U of U\senior\fall 2021\computer graphics\5610\interactive_computer_graphics\InteractiveComputerGraphics\Project8\main.cpp(442,34): warning C4305: 'initializing': truncation from 'double' to 'float'
D:\U of U\senior\fall 2021\computer graphics\5610\interactive_computer_graphics\InteractiveComputerGraphics\Project8\main.cpp(448,97): warning C4244: 'argument': conversion from 'double' to 'T', possible loss of data
          with
          [
              T=float
          ]
D:\U of U\senior\fall 2021\computer graphics\5610\interactive_computer_graphics\InteractiveComputerGraphics\Project8\main.cpp(375): warning C4172: returning address of local variable or temporary: tess_vbo
D:\U of U\senior\fall 2021\computer graphics\5610\interactive_computer_graphics\InteractiveComputerGraphics\Project8\main.cpp(328): warning C4172: returning address of local variable or temporary: plane_vbo
  Project8.vcxproj -> D:\U of U\senior\fall 2021\computer graphics\5610\interactive_computer_graphics\InteractiveComputerGraphics\Debug\Project8.exe
